#
# A fatal error has been detected by the Java Runtime Environment:
#
#  Internal Error (classFileParser.cpp:3494), pid=5124, tid=139906919102208
#  Error: ShouldNotReachHere()
#
# JRE version: 6.0_45-b06
# Java VM: Java HotSpot(TM) 64-Bit Server VM (20.45-b01 mixed mode linux-amd64 compressed oops)
# If you would like to submit a bug report, please visit:
#   http://java.sun.com/webapps/bugreport/crash.jsp
#

---------------  T H R E A D  ---------------

Current thread (0x00007f3e98007800):  JavaThread "Unknown thread" [_thread_in_vm, id=5130, stack(0x00007f3e9e26f000,0x00007f3e9e370000)]

Stack: [0x00007f3e9e26f000,0x00007f3e9e370000],  sp=0x00007f3e9e36e150,  free space=1020k
Native frames: (J=compiled Java code, j=interpreted, Vv=VM code, C=native code)
V  [libjvm.so+0x861e05]  VMError::report_and_die()+0x265
V  [libjvm.so+0x3e5ed6]  report_should_not_reach_here(char const*, int)+0x46
V  [libjvm.so+0x36f26b]  ClassFileParser::parseClassFile(symbolHandle, Handle, Handle, KlassHandle, GrowableArray<Handle>*, symbolHandle&, bool, Thread*)+0x2b8b
V  [libjvm.so+0x3756ff]  ClassLoader::load_classfile(symbolHandle, Thread*)+0x22f
V  [libjvm.so+0x7eebff]  SystemDictionary::load_instance_class(symbolHandle, Handle, Thread*)+0xef
V  [libjvm.so+0x7ecbe5]  SystemDictionary::resolve_instance_class_or_null(symbolHandle, Handle, Handle, Thread*)+0x575
V  [libjvm.so+0x7eb971]  SystemDictionary::resolve_or_null(symbolHandle, Handle, Handle, Thread*)+0x81
V  [libjvm.so+0x7eb584]  SystemDictionary::resolve_or_fail(symbolHandle, Handle, Handle, bool, Thread*)+0x34
V  [libjvm.so+0x7f0400]  SystemDictionary::initialize_wk_klass(SystemDictionary::WKID, int, Thread*)+0x70
V  [libjvm.so+0x7f0495]  SystemDictionary::initialize_wk_klasses_until(SystemDictionary::WKID, SystemDictionary::WKID&, Thread*)+0x45
V  [libjvm.so+0x7f0575]  SystemDictionary::initialize_preloaded_classes(Thread*)+0x75
V  [libjvm.so+0x7f0328]  SystemDictionary::initialize(Thread*)+0xd8
V  [libjvm.so+0x837cf8]  Universe::genesis(Thread*)+0x598
V  [libjvm.so+0x839c29]  universe2_init()+0x29
V  [libjvm.so+0x4ae42c]  init_globals()+0x8c
V  [libjvm.so+0x820014]  Threads::create_vm(JavaVMInitArgs*, bool*)+0x214
V  [libjvm.so+0x51c800]  JNI_CreateJavaVM+0x80


---------------  P R O C E S S  ---------------

Java Threads: ( => current thread )

Other Threads:

=>0x00007f3e98007800 (exited) JavaThread "Unknown thread" [_thread_in_vm, id=5130, stack(0x00007f3e9e26f000,0x00007f3e9e370000)]

VM state:not at safepoint (not fully initialized)

VM Mutex/Monitor currently owned by a thread: None

Dynamic libraries:
40000000-40009000 r-xp 00000000 08:01 23119128                           /usr/lib/jvm/jdk1.6.0_45/bin/java
40108000-4010a000 rwxp 00008000 08:01 23119128                           /usr/lib/jvm/jdk1.6.0_45/bin/java
41bf5000-41c16000 rwxp 00000000 00:00 0                                  [heap]
bee00000-c02c0000 rwxp 00000000 00:00 0 
c02c0000-c4000000 rwxp 00000000 00:00 0 
c4000000-c6800000 rwxp 00000000 00:00 0 
c6800000-ec000000 rwxp 00000000 00:00 0 
ec000000-ed3f0000 rwxp 00000000 00:00 0 
ed3f0000-100000000 rwxp 00000000 00:00 0 
7f3e80000000-7f3e80021000 rwxp 00000000 00:00 0 
7f3e80021000-7f3e84000000 ---p 00000000 00:00 0 
7f3e88000000-7f3e88021000 rwxp 00000000 00:00 0 
7f3e88021000-7f3e8c000000 ---p 00000000 00:00 0 
7f3e8c000000-7f3e8c021000 rwxp 00000000 00:00 0 
7f3e8c021000-7f3e90000000 ---p 00000000 00:00 0 
7f3e90000000-7f3e90021000 rwxp 00000000 00:00 0 
7f3e90021000-7f3e94000000 ---p 00000000 00:00 0 
7f3e95000000-7f3e95270000 rwxp 00000000 00:00 0 
7f3e95270000-7f3e98081000 rwxp 00000000 00:00 0 
7f3e98081000-7f3e9c000000 ---p 00000000 00:00 0 
7f3e9cc70000-7f3e9cd3a000 r-xs 011ad000 08:01 19583800                   /home/kim/android-sdks/platforms/android-18/android.jar
7f3e9cd3a000-7f3e9cd62000 rwxp 00000000 00:00 0 
7f3e9cd62000-7f3e9cd63000 ---p 00000000 00:00 0 
7f3e9cd63000-7f3e9ce63000 rwxp 00000000 00:00 0 
7f3e9ce63000-7f3e9ce64000 ---p 00000000 00:00 0 
7f3e9ce64000-7f3e9cf64000 rwxp 00000000 00:00 0 
7f3e9cf64000-7f3e9cf65000 ---p 00000000 00:00 0 
7f3e9cf65000-7f3e9d065000 rwxp 00000000 00:00 0 
7f3e9d065000-7f3e9d066000 ---p 00000000 00:00 0 
7f3e9d066000-7f3e9d171000 rwxp 00000000 00:00 0 
7f3e9d171000-7f3e9d18f000 rwxp 00000000 00:00 0 
7f3e9d18f000-7f3e9d1a3000 rwxp 00000000 00:00 0 
7f3e9d1a3000-7f3e9d2cf000 rwxp 00000000 00:00 0 
7f3e9d2cf000-7f3e9d2da000 rwxp 00000000 00:00 0 
7f3e9d2da000-7f3e9d2f8000 rwxp 00000000 00:00 0 
7f3e9d2f8000-7f3e9d30c000 rwxp 00000000 00:00 0 
7f3e9d30c000-7f3e9d438000 rwxp 00000000 00:00 0 
7f3e9d438000-7f3e9d442000 rwxp 00000000 00:00 0 
7f3e9d442000-7f3e9d4d8000 rwxp 00000000 00:00 0 
7f3e9d4d8000-7f3e9d4d9000 rwxp 00000000 00:00 0 
7f3e9d4d9000-7f3e9d4e7000 r-xp 00000000 08:01 25612496                   /usr/lib/jvm/jdk1.6.0_45/jre/lib/amd64/libzip.so
7f3e9d4e7000-7f3e9d5e9000 ---p 0000e000 08:01 25612496                   /usr/lib/jvm/jdk1.6.0_45/jre/lib/amd64/libzip.so
7f3e9d5e9000-7f3e9d5ec000 rwxp 00010000 08:01 25612496                   /usr/lib/jvm/jdk1.6.0_45/jre/lib/amd64/libzip.so
7f3e9d5ec000-7f3e9d5ed000 rwxp 00000000 00:00 0 
7f3e9d5ed000-7f3e9d5f9000 r-xp 00000000 08:01 28892291                   /lib/x86_64-linux-gnu/libnss_files-2.15.so
7f3e9d5f9000-7f3e9d7f8000 ---p 0000c000 08:01 28892291                   /lib/x86_64-linux-gnu/libnss_files-2.15.so
7f3e9d7f8000-7f3e9d7f9000 r-xp 0000b000 08:01 28892291                   /lib/x86_64-linux-gnu/libnss_files-2.15.so
7f3e9d7f9000-7f3e9d7fa000 rwxp 0000c000 08:01 28892291                   /lib/x86_64-linux-gnu/libnss_files-2.15.so
7f3e9d7fa000-7f3e9d804000 r-xp 00000000 08:01 28892287                   /lib/x86_64-linux-gnu/libnss_nis-2.15.so
7f3e9d804000-7f3e9da04000 ---p 0000a000 08:01 28892287                   /lib/x86_64-linux-gnu/libnss_nis-2.15.so
7f3e9da04000-7f3e9da05000 r-xp 0000a000 08:01 28892287                   /lib/x86_64-linux-gnu/libnss_nis-2.15.so
7f3e9da05000-7f3e9da06000 rwxp 0000b000 08:01 28892287                   /lib/x86_64-linux-gnu/libnss_nis-2.15.so
7f3e9da06000-7f3e9da0e000 r-xp 00000000 08:01 28892292                   /lib/x86_64-linux-gnu/libnss_compat-2.15.so
7f3e9da0e000-7f3e9dc0d000 ---p 00008000 08:01 28892292                   /lib/x86_64-linux-gnu/libnss_compat-2.15.so
7f3e9dc0d000-7f3e9dc0e000 r-xp 00007000 08:01 28892292                   /lib/x86_64-linux-gnu/libnss_compat-2.15.so
7f3e9dc0e000-7f3e9dc0f000 rwxp 00008000 08:01 28892292                   /lib/x86_64-linux-gnu/libnss_compat-2.15.so
7f3e9dc0f000-7f3e9dc26000 r-xp 00000000 08:01 28895940                   /lib/x86_64-linux-gnu/libnsl-2.15.so
7f3e9dc26000-7f3e9de25000 ---p 00017000 08:01 28895940                   /lib/x86_64-linux-gnu/libnsl-2.15.so
7f3e9de25000-7f3e9de26000 r-xp 00016000 08:01 28895940                   /lib/x86_64-linux-gnu/libnsl-2.15.so
7f3e9de26000-7f3e9de27000 rwxp 00017000 08:01 28895940                   /lib/x86_64-linux-gnu/libnsl-2.15.so
7f3e9de27000-7f3e9de29000 rwxp 00000000 00:00 0 
7f3e9de29000-7f3e9de52000 r-xp 00000000 08:01 25612505                   /usr/lib/jvm/jdk1.6.0_45/jre/lib/amd64/libjava.so
7f3e9de52000-7f3e9df51000 ---p 00029000 08:01 25612505                   /usr/lib/jvm/jdk1.6.0_45/jre/lib/amd64/libjava.so
7f3e9df51000-7f3e9df58000 rwxp 00028000 08:01 25612505                   /usr/lib/jvm/jdk1.6.0_45/jre/lib/amd64/libjava.so
7f3e9df58000-7f3e9df65000 r-xp 00000000 08:01 25612491                   /usr/lib/jvm/jdk1.6.0_45/jre/lib/amd64/libverify.so
7f3e9df65000-7f3e9e064000 ---p 0000d000 08:01 25612491                   /usr/lib/jvm/jdk1.6.0_45/jre/lib/amd64/libverify.so
7f3e9e064000-7f3e9e067000 rwxp 0000c000 08:01 25612491                   /usr/lib/jvm/jdk1.6.0_45/jre/lib/amd64/libverify.so
7f3e9e067000-7f3e9e06e000 r-xp 00000000 08:01 28892285                   /lib/x86_64-linux-gnu/librt-2.15.so
7f3e9e06e000-7f3e9e26d000 ---p 00007000 08:01 28892285                   /lib/x86_64-linux-gnu/librt-2.15.so
7f3e9e26d000-7f3e9e26e000 r-xp 00006000 08:01 28892285                   /lib/x86_64-linux-gnu/librt-2.15.so
7f3e9e26e000-7f3e9e26f000 rwxp 00007000 08:01 28892285                   /lib/x86_64-linux-gnu/librt-2.15.so
7f3e9e26f000-7f3e9e272000 ---p 00000000 00:00 0 
7f3e9e272000-7f3e9e370000 rwxp 00000000 00:00 0 
7f3e9e370000-7f3e9e46b000 r-xp 00000000 08:01 28892289                   /lib/x86_64-linux-gnu/libm-2.15.so
7f3e9e46b000-7f3e9e66a000 ---p 000fb000 08:01 28892289                   /lib/x86_64-linux-gnu/libm-2.15.so
7f3e9e66a000-7f3e9e66b000 r-xp 000fa000 08:01 28892289                   /lib/x86_64-linux-gnu/libm-2.15.so
7f3e9e66b000-7f3e9e66c000 rwxp 000fb000 08:01 28892289                   /lib/x86_64-linux-gnu/libm-2.15.so
7f3e9e66c000-7f3e9ef8a000 r-xp 00000000 08:01 25875971                   /usr/lib/jvm/jdk1.6.0_45/jre/lib/amd64/server/libjvm.so
7f3e9ef8a000-7f3e9f08c000 ---p 0091e000 08:01 25875971                   /usr/lib/jvm/jdk1.6.0_45/jre/lib/amd64/server/libjvm.so
7f3e9f08c000-7f3e9f242000 rwxp 00920000 08:01 25875971                   /usr/lib/jvm/jdk1.6.0_45/jre/lib/amd64/server/libjvm.so
7f3e9f242000-7f3e9f27c000 rwxp 00000000 00:00 0 
7f3e9f27c000-7f3e9f431000 r-xp 00000000 08:01 28892281                   /lib/x86_64-linux-gnu/libc-2.15.so
7f3e9f431000-7f3e9f630000 ---p 001b5000 08:01 28892281                   /lib/x86_64-linux-gnu/libc-2.15.so
7f3e9f630000-7f3e9f634000 r-xp 001b4000 08:01 28892281                   /lib/x86_64-linux-gnu/libc-2.15.so
7f3e9f634000-7f3e9f636000 rwxp 001b8000 08:01 28892281                   /lib/x86_64-linux-gnu/libc-2.15.so
7f3e9f636000-7f3e9f63b000 rwxp 00000000 00:00 0 
7f3e9f63b000-7f3e9f63d000 r-xp 00000000 08:01 28892280                   /lib/x86_64-linux-gnu/libdl-2.15.so
7f3e9f63d000-7f3e9f83d000 ---p 00002000 08:01 28892280                   /lib/x86_64-linux-gnu/libdl-2.15.so
7f3e9f83d000-7f3e9f83e000 r-xp 00002000 08:01 28892280                   /lib/x86_64-linux-gnu/libdl-2.15.so
7f3e9f83e000-7f3e9f83f000 rwxp 00003000 08:01 28892280                   /lib/x86_64-linux-gnu/libdl-2.15.so
7f3e9f83f000-7f3e9f857000 r-xp 00000000 08:01 28892283                   /lib/x86_64-linux-gnu/libpthread-2.15.so
7f3e9f857000-7f3e9fa56000 ---p 00018000 08:01 28892283                   /lib/x86_64-linux-gnu/libpthread-2.15.so
7f3e9fa56000-7f3e9fa57000 r-xp 00017000 08:01 28892283                   /lib/x86_64-linux-gnu/libpthread-2.15.so
7f3e9fa57000-7f3e9fa58000 rwxp 00018000 08:01 28892283                   /lib/x86_64-linux-gnu/libpthread-2.15.so
7f3e9fa58000-7f3e9fa5c000 rwxp 00000000 00:00 0 
7f3e9fa5c000-7f3e9fa7e000 r-xp 00000000 08:01 28892295                   /lib/x86_64-linux-gnu/ld-2.15.so
7f3e9fa9a000-7f3e9faa4000 rwxp 00000000 00:00 0 
7f3e9faa4000-7f3e9fb5a000 rwxp 00000000 00:00 0 
7f3e9fb5a000-7f3e9fb5d000 rwxp 00000000 00:00 0 
7f3e9fb5d000-7f3e9fb64000 r-xp 00000000 08:01 25743170                   /usr/lib/jvm/jdk1.6.0_45/jre/lib/amd64/jli/libjli.so
7f3e9fb64000-7f3e9fc65000 ---p 00007000 08:01 25743170                   /usr/lib/jvm/jdk1.6.0_45/jre/lib/amd64/jli/libjli.so
7f3e9fc65000-7f3e9fc67000 rwxp 00008000 08:01 25743170                   /usr/lib/jvm/jdk1.6.0_45/jre/lib/amd64/jli/libjli.so
7f3e9fc67000-7f3e9fc68000 rwxp 00000000 00:00 0 
7f3e9fc72000-7f3e9fc7a000 rwxs 00000000 08:01 22858780                   /tmp/hsperfdata_kim/5124
7f3e9fc7a000-7f3e9fc7b000 rwxp 00000000 00:00 0 
7f3e9fc7b000-7f3e9fc7c000 r-xp 00000000 00:00 0 
7f3e9fc7c000-7f3e9fc7e000 rwxp 00000000 00:00 0 
7f3e9fc7e000-7f3e9fc7f000 r-xp 00022000 08:01 28892295                   /lib/x86_64-linux-gnu/ld-2.15.so
7f3e9fc7f000-7f3e9fc81000 rwxp 00023000 08:01 28892295                   /lib/x86_64-linux-gnu/ld-2.15.so
7fffb9f48000-7fffb9f69000 rwxp 00000000 00:00 0                          [stack]
7fffb9fff000-7fffba000000 r-xp 00000000 00:00 0                          [vdso]
ffffffffff600000-ffffffffff601000 r-xp 00000000 00:00 0                  [vsyscall]

VM Arguments:
jvm_args: -Dfile.encoding=UTF-8 -Xbootclasspath:/home/kim/android-sdks/platforms/android-18/android.jar 
java_command: org.eclipse.jdt.internal.junit.runner.RemoteTestRunner -version 3 -port 41098 -testLoaderClass org.eclipse.jdt.internal.junit4.runner.JUnit4TestLoader -loaderpluginname org.eclipse.jdt.junit4.runtime -classNames com.skt.omp.m2mserviceplatform.M2mServicePlatform_unit1Test
Launcher Type: SUN_STANDARD

Environment Variables:
PATH=/home/kim/bin:/usr/lib/lightdm/lightdm:/usr/local/sbin:/usr/local/bin:/usr/sbin:/usr/bin:/sbin:/bin:/usr/games
LD_LIBRARY_PATH=/usr/lib/jvm/jdk1.6.0_45/jre/lib/amd64/server:/usr/lib/jvm/jdk1.6.0_45/jre/lib/amd64:/usr/lib/jvm/jdk1.6.0_45/jre/../lib/amd64
SHELL=/bin/bash
DISPLAY=:0.0

Signal Handlers:
SIGSEGV: [libjvm.so+0x862a30], sa_mask[0]=0x7ffbfeff, sa_flags=0x10000004
SIGBUS: [libjvm.so+0x862a30], sa_mask[0]=0x7ffbfeff, sa_flags=0x10000004
SIGFPE: [libjvm.so+0x7106f0], sa_mask[0]=0x7ffbfeff, sa_flags=0x10000004
SIGPIPE: [libjvm.so+0x7106f0], sa_mask[0]=0x7ffbfeff, sa_flags=0x10000004
SIGXFSZ: [libjvm.so+0x7106f0], sa_mask[0]=0x7ffbfeff, sa_flags=0x10000004
SIGILL: [libjvm.so+0x7106f0], sa_mask[0]=0x7ffbfeff, sa_flags=0x10000004
SIGUSR1: SIG_DFL, sa_mask[0]=0x00000000, sa_flags=0x00000000
SIGUSR2: [libjvm.so+0x713520], sa_mask[0]=0x00000004, sa_flags=0x10000004
SIGHUP: SIG_DFL, sa_mask[0]=0x00000000, sa_flags=0x00000000
SIGINT: SIG_DFL, sa_mask[0]=0x00000000, sa_flags=0x00000000
SIGTERM: SIG_DFL, sa_mask[0]=0x00000000, sa_flags=0x00000000
SIGQUIT: SIG_DFL, sa_mask[0]=0x00000000, sa_flags=0x00000000


---------------  S Y S T E M  ---------------

OS:wheezy/sid

uname:Linux 3.2.0-51-generic #77-Ubuntu SMP Wed Jul 24 20:18:19 UTC 2013 x86_64
libc:glibc 2.15 NPTL 2.15 
rlimit: STACK 8192k, CORE 0k, NPROC 30537, NOFILE 4096, AS infinity
load average:0.65 0.37 0.28

/proc/meminfo:
MemTotal:        3926392 kB
MemFree:          668936 kB
Buffers:          441148 kB
Cached:          1419156 kB
SwapCached:            0 kB
Active:          1621448 kB
Inactive:        1309520 kB
Active(anon):    1134468 kB
Inactive(anon):   403976 kB
Active(file):     486980 kB
Inactive(file):   905544 kB
Unevictable:          16 kB
Mlocked:              16 kB
SwapTotal:       4071420 kB
SwapFree:        4071420 kB
Dirty:               860 kB
Writeback:             0 kB
AnonPages:       1071036 kB
Mapped:           176552 kB
Shmem:            467784 kB
Slab:             216116 kB
SReclaimable:     187436 kB
SUnreclaim:        28680 kB
KernelStack:        3680 kB
PageTables:        28260 kB
NFS_Unstable:          0 kB
Bounce:                0 kB
WritebackTmp:          0 kB
CommitLimit:     6034616 kB
Committed_AS:    4023012 kB
VmallocTotal:   34359738367 kB
VmallocUsed:      364204 kB
VmallocChunk:   34359359688 kB
HardwareCorrupted:     0 kB
AnonHugePages:         0 kB
HugePages_Total:       0
HugePages_Free:        0
HugePages_Rsvd:        0
HugePages_Surp:        0
Hugepagesize:       2048 kB
DirectMap4k:       59392 kB
DirectMap2M:     4020224 kB


CPU:total 4 (2 cores per cpu, 2 threads per core) family 6 model 42 stepping 7, cmov, cx8, fxsr, mmx, sse, sse2, sse3, ssse3, sse4.1, sse4.2, popcnt, ht

/proc/cpuinfo:
processor	: 0
vendor_id	: GenuineIntel
cpu family	: 6
model		: 42
model name	: Intel(R) Core(TM) i7-2640M CPU @ 2.80GHz
stepping	: 7
microcode	: 0x23
cpu MHz		: 1000.000
cache size	: 4096 KB
physical id	: 0
siblings	: 4
core id		: 0
cpu cores	: 2
apicid		: 0
initial apicid	: 0
fpu		: yes
fpu_exception	: yes
cpuid level	: 13
wp		: yes
flags		: fpu vme de pse tsc msr pae mce cx8 apic sep mtrr pge mca cmov pat pse36 clflush dts acpi mmx fxsr sse sse2 ss ht tm pbe syscall nx rdtscp lm constant_tsc arch_perfmon pebs bts rep_good nopl xtopology nonstop_tsc aperfmperf pni pclmulqdq dtes64 monitor ds_cpl vmx smx est tm2 ssse3 cx16 xtpr pdcm pcid sse4_1 sse4_2 x2apic popcnt tsc_deadline_timer aes xsave avx lahf_lm ida arat epb xsaveopt pln pts dtherm tpr_shadow vnmi flexpriority ept vpid
bogomips	: 5587.61
clflush size	: 64
cache_alignment	: 64
address sizes	: 36 bits physical, 48 bits virtual
power management:

processor	: 1
vendor_id	: GenuineIntel
cpu family	: 6
model		: 42
model name	: Intel(R) Core(TM) i7-2640M CPU @ 2.80GHz
stepping	: 7
microcode	: 0x23
cpu MHz		: 2801.000
cache size	: 4096 KB
physical id	: 0
siblings	: 4
core id		: 1
cpu cores	: 2
apicid		: 2
initial apicid	: 2
fpu		: yes
fpu_exception	: yes
cpuid level	: 13
wp		: yes
flags		: fpu vme de pse tsc msr pae mce cx8 apic sep mtrr pge mca cmov pat pse36 clflush dts acpi mmx fxsr sse sse2 ss ht tm pbe syscall nx rdtscp lm constant_tsc arch_perfmon pebs bts rep_good nopl xtopology nonstop_tsc aperfmperf pni pclmulqdq dtes64 monitor ds_cpl vmx smx est tm2 ssse3 cx16 xtpr pdcm pcid sse4_1 sse4_2 x2apic popcnt tsc_deadline_timer aes xsave avx lahf_lm ida arat epb xsaveopt pln pts dtherm tpr_shadow vnmi flexpriority ept vpid
bogomips	: 5587.05
clflush size	: 64
cache_alignment	: 64
address sizes	: 36 bits physical, 48 bits virtual
power management:

processor	: 2
vendor_id	: GenuineIntel
cpu family	: 6
model		: 42
model name	: Intel(R) Core(TM) i7-2640M CPU @ 2.80GHz
stepping	: 7
microcode	: 0x23
cpu MHz		: 1000.000
cache size	: 4096 KB
physical id	: 0
siblings	: 4
core id		: 0
cpu cores	: 2
apicid		: 1
initial apicid	: 1
fpu		: yes
fpu_exception	: yes
cpuid level	: 13
wp		: yes
flags		: fpu vme de pse tsc msr pae mce cx8 apic sep mtrr pge mca cmov pat pse36 clflush dts acpi mmx fxsr sse sse2 ss ht tm pbe syscall nx rdtscp lm constant_tsc arch_perfmon pebs bts rep_good nopl xtopology nonstop_tsc aperfmperf pni pclmulqdq dtes64 monitor ds_cpl vmx smx est tm2 ssse3 cx16 xtpr pdcm pcid sse4_1 sse4_2 x2apic popcnt tsc_deadline_timer aes xsave avx lahf_lm ida arat epb xsaveopt pln pts dtherm tpr_shadow vnmi flexpriority ept vpid
bogomips	: 5587.04
clflush size	: 64
cache_alignment	: 64
address sizes	: 36 bits physical, 48 bits virtual
power management:

processor	: 3
vendor_id	: GenuineIntel
cpu family	: 6
model		: 42
model name	: Intel(R) Core(TM) i7-2640M CPU @ 2.80GHz
stepping	: 7
microcode	: 0x23
cpu MHz		: 2801.000
cache size	: 4096 KB
physical id	: 0
siblings	: 4
core id		: 1
cpu cores	: 2
apicid		: 3
initial apicid	: 3
fpu		: yes
fpu_exception	: yes
cpuid level	: 13
wp		: yes
flags		: fpu vme de pse tsc msr pae mce cx8 apic sep mtrr pge mca cmov pat pse36 clflush dts acpi mmx fxsr sse sse2 ss ht tm pbe syscall nx rdtscp lm constant_tsc arch_perfmon pebs bts rep_good nopl xtopology nonstop_tsc aperfmperf pni pclmulqdq dtes64 monitor ds_cpl vmx smx est tm2 ssse3 cx16 xtpr pdcm pcid sse4_1 sse4_2 x2apic popcnt tsc_deadline_timer aes xsave avx lahf_lm ida arat epb xsaveopt pln pts dtherm tpr_shadow vnmi flexpriority ept vpid
bogomips	: 5587.06
clflush size	: 64
cache_alignment	: 64
address sizes	: 36 bits physical, 48 bits virtual
power management:



Memory: 4k page, physical 3926392k(668936k free), swap 4071420k(4071420k free)

vm_info: Java HotSpot(TM) 64-Bit Server VM (20.45-b01) for linux-amd64 JRE (1.6.0_45-b06), built on Mar 26 2013 14:07:02 by "java_re" with gcc 3.2.2 (SuSE Linux)

time: Thu Aug  1 11:32:11 2013
elapsed time: 0 seconds

